  [4;36;1mSQL (0.9ms)[0m   [0;1m SELECT name
 FROM sqlite_master
 WHERE type = 'table' AND NOT name = 'sqlite_sequence'
[0m
  [4;35;1mSQL (0.3ms)[0m   [0mselect sqlite_version(*)[0m
  [4;36;1mSQL (7.9ms)[0m   [0;1mCREATE TABLE "schema_migrations" ("version" varchar(255) NOT NULL) [0m
  [4;35;1mSQL (3.0ms)[0m   [0mCREATE UNIQUE INDEX "unique_schema_migrations" ON "schema_migrations" ("version")[0m
  [4;36;1mSQL (0.3ms)[0m   [0;1m SELECT name
 FROM sqlite_master
 WHERE type = 'table' AND NOT name = 'sqlite_sequence'
[0m
  [4;35;1mSQL (0.1ms)[0m   [0mSELECT version FROM schema_migrations[0m
Migrating to CreateTabs (20100823050221)
  [4;36;1mSQL (0.5ms)[0m   [0;1mCREATE TABLE "tabs" ("id" INTEGER PRIMARY KEY AUTOINCREMENT NOT NULL, "fb_page_id" integer, "care_url" varchar(255), "created_at" datetime, "updated_at" datetime) [0m
  [4;35;1mSQL (0.2ms)[0m   [0mINSERT INTO schema_migrations (version) VALUES ('20100823050221')[0m
  [4;36;1mSQL (0.5ms)[0m   [0;1m SELECT name
 FROM sqlite_master
 WHERE type = 'table' AND NOT name = 'sqlite_sequence'
[0m
  [4;35;1mSQL (0.3ms)[0m   [0mSELECT version FROM schema_migrations[0m
  [4;36;1mSQL (0.4ms)[0m   [0;1m SELECT name
 FROM sqlite_master
 WHERE type = 'table' AND NOT name = 'sqlite_sequence'
[0m
  [4;35;1mSQL (0.1ms)[0m   [0mPRAGMA index_list("tabs")[0m


Processing ApplicationController#index (for 192.168.1.2 at 2010-08-23 12:15:26) [GET]

ActionController::RoutingError (No route matches "/" with {:method=>:get}):
  

Rendering rescues/layout (not_found)


Processing TabsController#index (for 192.168.1.2 at 2010-08-23 12:16:28) [GET]
  [4;36;1mTab Load (1.2ms)[0m   [0;1mSELECT * FROM "tabs" [0m
Rendering template within layouts/tabs
Rendering tabs/index
Completed in 155ms (View: 142, DB: 1) | 200 OK [http://tinhue.enqu.it/]


Processing TabsController#new (for 192.168.1.2 at 2010-08-23 12:16:30) [GET]
Rendering template within layouts/tabs
Rendering tabs/new
Completed in 74ms (View: 61, DB: 0) | 200 OK [http://tinhue.enqu.it/tabs/new]


Processing TabsController#index (for 192.168.1.2 at 2010-08-23 12:16:33) [GET]
  [4;35;1mTab Load (0.8ms)[0m   [0mSELECT * FROM "tabs" [0m
Rendering template within layouts/tabs
Rendering tabs/index
Completed in 14ms (View: 2, DB: 1) | 200 OK [http://tinhue.enqu.it/tabs]
